{"C:\\Users\\Zack\\desktop\\epicodus\\green_house\\src\\main.js": {"path":"C:\\Users\\Zack\\desktop\\epicodus\\green_house\\src\\main.js","statementMap":{"0":{"start":{"line":5,"column":26},"end":{"line":12,"column":1}},"1":{"start":{"line":6,"column":21},"end":{"line":6,"column":23}},"2":{"start":{"line":7,"column":2},"end":{"line":11,"column":3}},"3":{"start":{"line":7,"column":41},"end":{"line":7,"column":46}},"4":{"start":{"line":8,"column":21},"end":{"line":8,"column":54}},"5":{"start":{"line":9,"column":4},"end":{"line":9,"column":33}},"6":{"start":{"line":10,"column":4},"end":{"line":10,"column":20}},"7":{"start":{"line":14,"column":21},"end":{"line":14,"column":33}},"8":{"start":{"line":15,"column":20},"end":{"line":15,"column":32}},"9":{"start":{"line":16,"column":18},"end":{"line":16,"column":30}},"10":{"start":{"line":21,"column":27},"end":{"line":28,"column":1}},"11":{"start":{"line":22,"column":2},"end":{"line":27,"column":3}},"12":{"start":{"line":23,"column":4},"end":{"line":26,"column":6}},"13":{"start":{"line":23,"column":23},"end":{"line":26,"column":5}},"14":{"start":{"line":32,"column":13},"end":{"line":32,"column":35}},"15":{"start":{"line":33,"column":17},"end":{"line":33,"column":39}},"16":{"start":{"line":35,"column":16},"end":{"line":35,"column":39}},"17":{"start":{"line":36,"column":19},"end":{"line":36,"column":42}},"18":{"start":{"line":38,"column":0},"end":{"line":85,"column":3}},"19":{"start":{"line":40,"column":2},"end":{"line":44,"column":5}},"20":{"start":{"line":41,"column":4},"end":{"line":41,"column":27}},"21":{"start":{"line":42,"column":22},"end":{"line":42,"column":49}},"22":{"start":{"line":43,"column":4},"end":{"line":43,"column":33}},"23":{"start":{"line":48,"column":2},"end":{"line":51,"column":5}},"24":{"start":{"line":49,"column":21},"end":{"line":49,"column":43}},"25":{"start":{"line":50,"column":4},"end":{"line":50,"column":150}},"26":{"start":{"line":53,"column":2},"end":{"line":56,"column":5}},"27":{"start":{"line":54,"column":21},"end":{"line":54,"column":39}},"28":{"start":{"line":55,"column":4},"end":{"line":55,"column":150}},"29":{"start":{"line":58,"column":2},"end":{"line":61,"column":5}},"30":{"start":{"line":59,"column":21},"end":{"line":59,"column":45}},"31":{"start":{"line":60,"column":4},"end":{"line":60,"column":150}},"32":{"start":{"line":63,"column":2},"end":{"line":66,"column":5}},"33":{"start":{"line":64,"column":21},"end":{"line":64,"column":42}},"34":{"start":{"line":65,"column":4},"end":{"line":65,"column":150}},"35":{"start":{"line":70,"column":2},"end":{"line":74,"column":5}},"36":{"start":{"line":72,"column":25},"end":{"line":72,"column":39}},"37":{"start":{"line":73,"column":4},"end":{"line":73,"column":166}},"38":{"start":{"line":76,"column":2},"end":{"line":79,"column":5}},"39":{"start":{"line":77,"column":21},"end":{"line":77,"column":42}},"40":{"start":{"line":78,"column":4},"end":{"line":78,"column":157}},"41":{"start":{"line":81,"column":2},"end":{"line":84,"column":5}},"42":{"start":{"line":82,"column":21},"end":{"line":82,"column":40}},"43":{"start":{"line":83,"column":4},"end":{"line":83,"column":155}}},"fnMap":{"0":{"name":"(anonymous_0)","decl":{"start":{"line":5,"column":26},"end":{"line":5,"column":27}},"loc":{"start":{"line":5,"column":32},"end":{"line":12,"column":1}},"line":5},"1":{"name":"(anonymous_1)","decl":{"start":{"line":7,"column":9},"end":{"line":7,"column":10}},"loc":{"start":{"line":7,"column":51},"end":{"line":11,"column":3}},"line":7},"2":{"name":"(anonymous_2)","decl":{"start":{"line":7,"column":32},"end":{"line":7,"column":33}},"loc":{"start":{"line":7,"column":41},"end":{"line":7,"column":46}},"line":7},"3":{"name":"(anonymous_3)","decl":{"start":{"line":21,"column":27},"end":{"line":21,"column":28}},"loc":{"start":{"line":21,"column":37},"end":{"line":28,"column":1}},"line":21},"4":{"name":"(anonymous_4)","decl":{"start":{"line":22,"column":9},"end":{"line":22,"column":10}},"loc":{"start":{"line":22,"column":20},"end":{"line":27,"column":3}},"line":22},"5":{"name":"(anonymous_5)","decl":{"start":{"line":23,"column":11},"end":{"line":23,"column":12}},"loc":{"start":{"line":23,"column":23},"end":{"line":26,"column":5}},"line":23},"6":{"name":"(anonymous_6)","decl":{"start":{"line":38,"column":18},"end":{"line":38,"column":19}},"loc":{"start":{"line":38,"column":29},"end":{"line":85,"column":1}},"line":38},"7":{"name":"(anonymous_7)","decl":{"start":{"line":40,"column":29},"end":{"line":40,"column":30}},"loc":{"start":{"line":40,"column":45},"end":{"line":44,"column":3}},"line":40},"8":{"name":"(anonymous_8)","decl":{"start":{"line":48,"column":19},"end":{"line":48,"column":20}},"loc":{"start":{"line":48,"column":30},"end":{"line":51,"column":3}},"line":48},"9":{"name":"(anonymous_9)","decl":{"start":{"line":53,"column":23},"end":{"line":53,"column":24}},"loc":{"start":{"line":53,"column":34},"end":{"line":56,"column":3}},"line":53},"10":{"name":"(anonymous_10)","decl":{"start":{"line":58,"column":20},"end":{"line":58,"column":21}},"loc":{"start":{"line":58,"column":31},"end":{"line":61,"column":3}},"line":58},"11":{"name":"(anonymous_11)","decl":{"start":{"line":63,"column":24},"end":{"line":63,"column":25}},"loc":{"start":{"line":63,"column":35},"end":{"line":66,"column":3}},"line":63},"12":{"name":"(anonymous_12)","decl":{"start":{"line":70,"column":25},"end":{"line":70,"column":26}},"loc":{"start":{"line":70,"column":36},"end":{"line":74,"column":3}},"line":70},"13":{"name":"(anonymous_13)","decl":{"start":{"line":76,"column":25},"end":{"line":76,"column":26}},"loc":{"start":{"line":76,"column":36},"end":{"line":79,"column":3}},"line":76},"14":{"name":"(anonymous_14)","decl":{"start":{"line":81,"column":28},"end":{"line":81,"column":29}},"loc":{"start":{"line":81,"column":39},"end":{"line":84,"column":3}},"line":81}},"branchMap":{"0":{"loc":{"start":{"line":7,"column":10},"end":{"line":7,"column":46}},"type":"default-arg","locations":[{"start":{"line":7,"column":32},"end":{"line":7,"column":46}}],"line":7},"1":{"loc":{"start":{"line":25,"column":16},"end":{"line":25,"column":32}},"type":"binary-expr","locations":[{"start":{"line":25,"column":16},"end":{"line":25,"column":27}},{"start":{"line":25,"column":31},"end":{"line":25,"column":32}}],"line":25},"2":{"loc":{"start":{"line":50,"column":35},"end":{"line":50,"column":84}},"type":"cond-expr","locations":[{"start":{"line":50,"column":67},"end":{"line":50,"column":68}},{"start":{"line":50,"column":71},"end":{"line":50,"column":84}}],"line":50},"3":{"loc":{"start":{"line":50,"column":95},"end":{"line":50,"column":146}},"type":"cond-expr","locations":[{"start":{"line":50,"column":128},"end":{"line":50,"column":129}},{"start":{"line":50,"column":132},"end":{"line":50,"column":146}}],"line":50},"4":{"loc":{"start":{"line":55,"column":35},"end":{"line":55,"column":84}},"type":"cond-expr","locations":[{"start":{"line":55,"column":67},"end":{"line":55,"column":68}},{"start":{"line":55,"column":71},"end":{"line":55,"column":84}}],"line":55},"5":{"loc":{"start":{"line":55,"column":95},"end":{"line":55,"column":146}},"type":"cond-expr","locations":[{"start":{"line":55,"column":128},"end":{"line":55,"column":129}},{"start":{"line":55,"column":132},"end":{"line":55,"column":146}}],"line":55},"6":{"loc":{"start":{"line":60,"column":35},"end":{"line":60,"column":84}},"type":"cond-expr","locations":[{"start":{"line":60,"column":67},"end":{"line":60,"column":68}},{"start":{"line":60,"column":71},"end":{"line":60,"column":84}}],"line":60},"7":{"loc":{"start":{"line":60,"column":95},"end":{"line":60,"column":146}},"type":"cond-expr","locations":[{"start":{"line":60,"column":128},"end":{"line":60,"column":129}},{"start":{"line":60,"column":132},"end":{"line":60,"column":146}}],"line":60},"8":{"loc":{"start":{"line":65,"column":35},"end":{"line":65,"column":84}},"type":"cond-expr","locations":[{"start":{"line":65,"column":67},"end":{"line":65,"column":68}},{"start":{"line":65,"column":71},"end":{"line":65,"column":84}}],"line":65},"9":{"loc":{"start":{"line":65,"column":95},"end":{"line":65,"column":146}},"type":"cond-expr","locations":[{"start":{"line":65,"column":128},"end":{"line":65,"column":129}},{"start":{"line":65,"column":132},"end":{"line":65,"column":146}}],"line":65},"10":{"loc":{"start":{"line":73,"column":35},"end":{"line":73,"column":92}},"type":"cond-expr","locations":[{"start":{"line":73,"column":71},"end":{"line":73,"column":72}},{"start":{"line":73,"column":75},"end":{"line":73,"column":92}}],"line":73},"11":{"loc":{"start":{"line":73,"column":103},"end":{"line":73,"column":162}},"type":"cond-expr","locations":[{"start":{"line":73,"column":140},"end":{"line":73,"column":141}},{"start":{"line":73,"column":144},"end":{"line":73,"column":162}}],"line":73},"12":{"loc":{"start":{"line":78,"column":42},"end":{"line":78,"column":91}},"type":"cond-expr","locations":[{"start":{"line":78,"column":74},"end":{"line":78,"column":75}},{"start":{"line":78,"column":78},"end":{"line":78,"column":91}}],"line":78},"13":{"loc":{"start":{"line":78,"column":102},"end":{"line":78,"column":153}},"type":"cond-expr","locations":[{"start":{"line":78,"column":135},"end":{"line":78,"column":136}},{"start":{"line":78,"column":139},"end":{"line":78,"column":153}}],"line":78},"14":{"loc":{"start":{"line":83,"column":40},"end":{"line":83,"column":89}},"type":"cond-expr","locations":[{"start":{"line":83,"column":72},"end":{"line":83,"column":73}},{"start":{"line":83,"column":76},"end":{"line":83,"column":89}}],"line":83},"15":{"loc":{"start":{"line":83,"column":100},"end":{"line":83,"column":151}},"type":"cond-expr","locations":[{"start":{"line":83,"column":133},"end":{"line":83,"column":134}},{"start":{"line":83,"column":137},"end":{"line":83,"column":151}}],"line":83}},"s":{"0":1,"1":4,"2":4,"3":0,"4":4,"5":4,"6":4,"7":1,"8":1,"9":1,"10":1,"11":8,"12":8,"13":4,"14":1,"15":1,"16":1,"17":1,"18":1,"19":0,"20":0,"21":0,"22":0,"23":0,"24":0,"25":0,"26":0,"27":0,"28":0,"29":0,"30":0,"31":0,"32":0,"33":0,"34":0,"35":0,"36":0,"37":0,"38":0,"39":0,"40":0,"41":0,"42":0,"43":0},"f":{"0":4,"1":4,"2":0,"3":8,"4":8,"5":4,"6":0,"7":0,"8":0,"9":0,"10":0,"11":0,"12":0,"13":0,"14":0},"b":{"0":[0],"1":[4,2],"2":[0,0],"3":[0,0],"4":[0,0],"5":[0,0],"6":[0,0],"7":[0,0],"8":[0,0],"9":[0,0],"10":[0,0],"11":[0,0],"12":[0,0],"13":[0,0],"14":[0,0],"15":[0,0]},"_coverageSchema":"43e27e138ebf9cfc5966b082cf9a028302ed4184","hash":"d3ce44222ffbd37954b865d098d23171b302f01e"}
}
